<?xml version="1.0" encoding="UTF-8"?>
<testng-results ignored="0" total="1" passed="1" failed="0" skipped="0">
  <reporter-output>
  </reporter-output>
  <suite started-at="2025-05-06T16:41:36 IST" name="Surefire suite" finished-at="2025-05-06T16:42:00 IST" duration-ms="23073">
    <groups>
    </groups>
    <test started-at="2025-05-06T16:41:36 IST" name="Surefire test" finished-at="2025-05-06T16:42:00 IST" duration-ms="23073">
      <class name="category.DuplicateTest">
        <test-method is-config="true" signature="Login()[pri:0, instance:category.DuplicateTest@75db5df9]" started-at="2025-05-06T16:41:37 IST" name="Login" finished-at="2025-05-06T16:41:50 IST" duration-ms="13441" status="PASS">
          <reporter-output>
          </reporter-output>
        </test-method> <!-- Login -->
        <test-method signature="addcategory()[pri:0, instance:category.DuplicateTest@75db5df9]" started-at="2025-05-06T16:41:50 IST" name="addcategory" finished-at="2025-05-06T16:41:57 IST" duration-ms="7205" status="PASS">
          <reporter-output>
          </reporter-output>
        </test-method> <!-- addcategory -->
        <test-method is-config="true" signature="Close()[pri:0, instance:category.DuplicateTest@75db5df9]" started-at="2025-05-06T16:41:57 IST" name="Close" finished-at="2025-05-06T16:42:00 IST" duration-ms="2397" status="PASS">
          <reporter-output>
          </reporter-output>
        </test-method> <!-- Close -->
      </class> <!-- category.DuplicateTest -->
    </test> <!-- Surefire test -->
  </suite> <!-- Surefire suite -->
</testng-results>
