<?xml version="1.0" encoding="UTF-8"?>
<!-- Generated by org.testng.reporters.JUnitXMLReporter -->
<testsuite ignored="5" hostname="G3-PC-01" failures="0" tests="1" name="Default test" time="69.648" errors="0" timestamp="2025-08-21T16:50:52 IST">
  <testcase classname="smoketesting.EditProductAndItsDetails" name="EditCategories" time="32.641"/>
  <testcase classname="smoketesting.EditProductAndItsDetails" name="EditMachinery" time="0.0">
    <ignored/>
  </testcase> <!-- EditMachinery -->
  <testcase classname="smoketesting.EditProductAndItsDetails" name="EditMaterial" time="0.0">
    <ignored/>
  </testcase> <!-- EditMaterial -->
  <testcase classname="smoketesting.EditProductAndItsDetails" name="EditProduct" time="0.0">
    <ignored/>
  </testcase> <!-- EditProduct -->
  <testcase classname="smoketesting.EditProductAndItsDetails" name="EditLabour" time="0.0">
    <ignored/>
  </testcase> <!-- EditLabour -->
  <testcase classname="smoketesting.EditProductAndItsDetails" name="EditProductDiscount" time="0.0">
    <ignored/>
  </testcase> <!-- EditProductDiscount -->
</testsuite> <!-- Default test -->
