<?xml version="1.0" encoding="UTF-8"?>
<testng-results ignored="0" total="1" passed="1" failed="0" skipped="0">
  <reporter-output>
  </reporter-output>
  <suite started-at="2025-06-13T14:00:19 IST" name="Default suite" finished-at="2025-06-13T14:00:46 IST" duration-ms="27077">
    <groups>
    </groups>
    <test started-at="2025-06-13T14:00:19 IST" name="Default test" finished-at="2025-06-13T14:00:46 IST" duration-ms="27077">
      <class name="users.ValidationsCheck">
        <test-method is-config="true" signature="Login()[pri:0, instance:users.ValidationsCheck@51e69659]" started-at="2025-06-13T14:00:19 IST" name="Login" finished-at="2025-06-13T14:00:36 IST" duration-ms="17042" status="PASS">
          <reporter-output>
          </reporter-output>
        </test-method> <!-- Login -->
        <test-method signature="addNewUser()[pri:0, instance:users.ValidationsCheck@51e69659]" started-at="2025-06-13T14:00:36 IST" name="addNewUser" finished-at="2025-06-13T14:00:44 IST" duration-ms="7539" status="PASS">
          <reporter-output>
          </reporter-output>
        </test-method> <!-- addNewUser -->
        <test-method is-config="true" signature="Close()[pri:0, instance:users.ValidationsCheck@51e69659]" started-at="2025-06-13T14:00:44 IST" name="Close" finished-at="2025-06-13T14:00:46 IST" duration-ms="2454" status="PASS">
          <reporter-output>
          </reporter-output>
        </test-method> <!-- Close -->
      </class> <!-- users.ValidationsCheck -->
    </test> <!-- Default test -->
  </suite> <!-- Default suite -->
</testng-results>
